C:\USERS\AEROCLOUD\DOWNLOADS\JHPRIMEMINER-MASTER-RDE\JHPRIMEMINER-MASTER-RDE\JHPRIMEMINER-MASTER\SRC\PRIMECOINMINER\X64\RELEASE\STREAMWRAPPER.OBJ
C:\USERS\AEROCLOUD\DOWNLOADS\JHPRIMEMINER-MASTER-RDE\JHPRIMEMINER-MASTER-RDE\JHPRIMEMINER-MASTER\SRC\PRIMECOINMINER\X64\RELEASE\SIMPLELIST.OBJ
C:\USERS\AEROCLOUD\DOWNLOADS\JHPRIMEMINER-MASTER-RDE\JHPRIMEMINER-MASTER-RDE\JHPRIMEMINER-MASTER\SRC\PRIMECOINMINER\X64\RELEASE\SIMPLEHTTP.OBJ
C:\USERS\AEROCLOUD\DOWNLOADS\JHPRIMEMINER-MASTER-RDE\JHPRIMEMINER-MASTER-RDE\JHPRIMEMINER-MASTER\SRC\PRIMECOINMINER\X64\RELEASE\SDATA.OBJ
C:\USERS\AEROCLOUD\DOWNLOADS\JHPRIMEMINER-MASTER-RDE\JHPRIMEMINER-MASTER-RDE\JHPRIMEMINER-MASTER\SRC\PRIMECOINMINER\X64\RELEASE\PERLINNOISE.OBJ
C:\USERS\AEROCLOUD\DOWNLOADS\JHPRIMEMINER-MASTER-RDE\JHPRIMEMINER-MASTER-RDE\JHPRIMEMINER-MASTER\SRC\PRIMECOINMINER\X64\RELEASE\PACKETBUFFER.OBJ
C:\USERS\AEROCLOUD\DOWNLOADS\JHPRIMEMINER-MASTER-RDE\JHPRIMEMINER-MASTER-RDE\JHPRIMEMINER-MASTER\SRC\PRIMECOINMINER\X64\RELEASE\MSGQUEUE.OBJ
C:\USERS\AEROCLOUD\DOWNLOADS\JHPRIMEMINER-MASTER-RDE\JHPRIMEMINER-MASTER-RDE\JHPRIMEMINER-MASTER\SRC\PRIMECOINMINER\X64\RELEASE\HASHTABLE_UINT32.OBJ
C:\USERS\AEROCLOUD\DOWNLOADS\JHPRIMEMINER-MASTER-RDE\JHPRIMEMINER-MASTER-RDE\JHPRIMEMINER-MASTER\SRC\PRIMECOINMINER\X64\RELEASE\FMATH.OBJ
C:\USERS\AEROCLOUD\DOWNLOADS\JHPRIMEMINER-MASTER-RDE\JHPRIMEMINER-MASTER-RDE\JHPRIMEMINER-MASTER\SRC\PRIMECOINMINER\X64\RELEASE\FILEMGR.OBJ
C:\USERS\AEROCLOUD\DOWNLOADS\JHPRIMEMINER-MASTER-RDE\JHPRIMEMINER-MASTER-RDE\JHPRIMEMINER-MASTER\SRC\PRIMECOINMINER\X64\RELEASE\FASTSTRING_EPRINTF.OBJ
C:\USERS\AEROCLOUD\DOWNLOADS\JHPRIMEMINER-MASTER-RDE\JHPRIMEMINER-MASTER-RDE\JHPRIMEMINER-MASTER\SRC\PRIMECOINMINER\X64\RELEASE\FASTSTRING.OBJ
C:\USERS\AEROCLOUD\DOWNLOADS\JHPRIMEMINER-MASTER-RDE\JHPRIMEMINER-MASTER-RDE\JHPRIMEMINER-MASTER\SRC\PRIMECOINMINER\X64\RELEASE\FASTSORTER.OBJ
C:\USERS\AEROCLOUD\DOWNLOADS\JHPRIMEMINER-MASTER-RDE\JHPRIMEMINER-MASTER-RDE\JHPRIMEMINER-MASTER\SRC\PRIMECOINMINER\X64\RELEASE\CUSTOMBUFFER.OBJ
C:\USERS\AEROCLOUD\DOWNLOADS\JHPRIMEMINER-MASTER-RDE\JHPRIMEMINER-MASTER-RDE\JHPRIMEMINER-MASTER\SRC\PRIMECOINMINER\X64\RELEASE\BMP.OBJ
C:\USERS\AEROCLOUD\DOWNLOADS\JHPRIMEMINER-MASTER-RDE\JHPRIMEMINER-MASTER-RDE\JHPRIMEMINER-MASTER\SRC\PRIMECOINMINER\X64\RELEASE\PRIME.OBJ
C:\USERS\AEROCLOUD\DOWNLOADS\JHPRIMEMINER-MASTER-RDE\JHPRIMEMINER-MASTER-RDE\JHPRIMEMINER-MASTER\SRC\PRIMECOINMINER\X64\RELEASE\MINER.OBJ
C:\USERS\AEROCLOUD\DOWNLOADS\JHPRIMEMINER-MASTER-RDE\JHPRIMEMINER-MASTER-RDE\JHPRIMEMINER-MASTER\SRC\PRIMECOINMINER\X64\RELEASE\MAIN.OBJ
C:\USERS\AEROCLOUD\DOWNLOADS\JHPRIMEMINER-MASTER-RDE\JHPRIMEMINER-MASTER-RDE\JHPRIMEMINER-MASTER\SRC\PRIMECOINMINER\X64\RELEASE\BN2_DIV.OBJ
C:\USERS\AEROCLOUD\DOWNLOADS\JHPRIMEMINER-MASTER-RDE\JHPRIMEMINER-MASTER-RDE\JHPRIMEMINER-MASTER\SRC\PRIMECOINMINER\X64\RELEASE\BN2.OBJ
C:\USERS\AEROCLOUD\DOWNLOADS\JHPRIMEMINER-MASTER-RDE\JHPRIMEMINER-MASTER-RDE\JHPRIMEMINER-MASTER\SRC\PRIMECOINMINER\X64\RELEASE\XPTSERVERPACKETHANDLER.OBJ
C:\USERS\AEROCLOUD\DOWNLOADS\JHPRIMEMINER-MASTER-RDE\JHPRIMEMINER-MASTER-RDE\JHPRIMEMINER-MASTER\SRC\PRIMECOINMINER\X64\RELEASE\XPTSERVER.OBJ
C:\USERS\AEROCLOUD\DOWNLOADS\JHPRIMEMINER-MASTER-RDE\JHPRIMEMINER-MASTER-RDE\JHPRIMEMINER-MASTER\SRC\PRIMECOINMINER\X64\RELEASE\XPTPACKETBUFFER.OBJ
C:\USERS\AEROCLOUD\DOWNLOADS\JHPRIMEMINER-MASTER-RDE\JHPRIMEMINER-MASTER-RDE\JHPRIMEMINER-MASTER\SRC\PRIMECOINMINER\X64\RELEASE\XPTCLIENTPACKETHANDLER.OBJ
C:\USERS\AEROCLOUD\DOWNLOADS\JHPRIMEMINER-MASTER-RDE\JHPRIMEMINER-MASTER-RDE\JHPRIMEMINER-MASTER\SRC\PRIMECOINMINER\X64\RELEASE\XPTCLIENT.OBJ
C:\USERS\AEROCLOUD\DOWNLOADS\JHPRIMEMINER-MASTER-RDE\JHPRIMEMINER-MASTER-RDE\JHPRIMEMINER-MASTER\SRC\PRIMECOINMINER\X64\RELEASE\JSONRPC.OBJ
C:\USERS\AEROCLOUD\DOWNLOADS\JHPRIMEMINER-MASTER-RDE\JHPRIMEMINER-MASTER-RDE\JHPRIMEMINER-MASTER\SRC\PRIMECOINMINER\X64\RELEASE\JSONPARSER.OBJ
C:\USERS\AEROCLOUD\DOWNLOADS\JHPRIMEMINER-MASTER-RDE\JHPRIMEMINER-MASTER-RDE\JHPRIMEMINER-MASTER\SRC\PRIMECOINMINER\X64\RELEASE\JSONOBJECT.OBJ
C:\USERS\AEROCLOUD\DOWNLOADS\JHPRIMEMINER-MASTER-RDE\JHPRIMEMINER-MASTER-RDE\JHPRIMEMINER-MASTER\SRC\PRIMECOINMINER\X64\RELEASE\JSONCLIENT.OBJ
C:\USERS\AEROCLOUD\DOWNLOADS\JHPRIMEMINER-MASTER-RDE\JHPRIMEMINER-MASTER-RDE\JHPRIMEMINER-MASTER\SRC\PRIMECOINMINER\X64\RELEASE\JSONBUILDER.OBJ
C:\USERS\AEROCLOUD\DOWNLOADS\JHPRIMEMINER-MASTER-RDE\JHPRIMEMINER-MASTER-RDE\JHPRIMEMINER-MASTER\SRC\PRIMECOINMINER\X64\RELEASE\SHA256.OBJ
C:\USERS\AEROCLOUD\DOWNLOADS\JHPRIMEMINER-MASTER-RDE\JHPRIMEMINER-MASTER-RDE\JHPRIMEMINER-MASTER\SRC\PRIMECOINMINER\X64\RELEASE\RIPEMD160.OBJ
C:\USERS\AEROCLOUD\DOWNLOADS\JHPRIMEMINER-MASTER-RDE\JHPRIMEMINER-MASTER-RDE\JHPRIMEMINER-MASTER\SRC\PRIMECOINMINER\X64\RELEASE\TGALIB.OBJ
C:\USERS\AEROCLOUD\DOWNLOADS\JHPRIMEMINER-MASTER-RDE\JHPRIMEMINER-MASTER-RDE\JHPRIMEMINER-MASTER\SRC\PRIMECOINMINER\X64\RELEASE\VC110.PDB
C:\USERS\AEROCLOUD\DOWNLOADS\JHPRIMEMINER-MASTER-RDE\JHPRIMEMINER-MASTER-RDE\JHPRIMEMINER-MASTER\SRC\PRIMECOINMINER\X64\RELEASE\APPLINK.OBJ
C:\Users\AeroCloud\Downloads\jhPrimeminer-master-rde\jhPrimeminer-master-rde\jhPrimeminer-master\src\x64\Release\jhPrimeminer.lib
C:\Users\AeroCloud\Downloads\jhPrimeminer-master-rde\jhPrimeminer-master-rde\jhPrimeminer-master\src\x64\Release\jhPrimeminer.exp
C:\USERS\AEROCLOUD\DOWNLOADS\JHPRIMEMINER-MASTER-RDE\JHPRIMEMINER-MASTER-RDE\JHPRIMEMINER-MASTER\SRC\X64\RELEASE\JHPRIMEMINER.EXE
C:\USERS\AEROCLOUD\DOWNLOADS\JHPRIMEMINER-MASTER-RDE\JHPRIMEMINER-MASTER-RDE\JHPRIMEMINER-MASTER\SRC\X64\RELEASE\JHPRIMEMINER.PDB
C:\Users\AeroCloud\Downloads\jhPrimeminer-master-rde\jhPrimeminer-master-rde\jhPrimeminer-master\src\primecoinMiner\x64\Release\applink.obj
C:\Users\AeroCloud\Downloads\jhPrimeminer-master-rde\jhPrimeminer-master-rde\jhPrimeminer-master\src\primecoinMiner\x64\Release\bmp.obj
C:\Users\AeroCloud\Downloads\jhPrimeminer-master-rde\jhPrimeminer-master-rde\jhPrimeminer-master\src\primecoinMiner\x64\Release\bn2.obj
C:\Users\AeroCloud\Downloads\jhPrimeminer-master-rde\jhPrimeminer-master-rde\jhPrimeminer-master\src\primecoinMiner\x64\Release\bn2_div.obj
C:\Users\AeroCloud\Downloads\jhPrimeminer-master-rde\jhPrimeminer-master-rde\jhPrimeminer-master\src\primecoinMiner\x64\Release\customBuffer.obj
C:\Users\AeroCloud\Downloads\jhPrimeminer-master-rde\jhPrimeminer-master-rde\jhPrimeminer-master\src\primecoinMiner\x64\Release\fastSorter.obj
C:\Users\AeroCloud\Downloads\jhPrimeminer-master-rde\jhPrimeminer-master-rde\jhPrimeminer-master\src\primecoinMiner\x64\Release\fastString.obj
C:\Users\AeroCloud\Downloads\jhPrimeminer-master-rde\jhPrimeminer-master-rde\jhPrimeminer-master\src\primecoinMiner\x64\Release\fastString_eprintf.obj
C:\Users\AeroCloud\Downloads\jhPrimeminer-master-rde\jhPrimeminer-master-rde\jhPrimeminer-master\src\primecoinMiner\x64\Release\fileMgr.obj
C:\Users\AeroCloud\Downloads\jhPrimeminer-master-rde\jhPrimeminer-master-rde\jhPrimeminer-master\src\primecoinMiner\x64\Release\fMath.obj
C:\Users\AeroCloud\Downloads\jhPrimeminer-master-rde\jhPrimeminer-master-rde\jhPrimeminer-master\src\primecoinMiner\x64\Release\hashTable_uint32.obj
C:\Users\AeroCloud\Downloads\jhPrimeminer-master-rde\jhPrimeminer-master-rde\jhPrimeminer-master\src\primecoinMiner\x64\Release\jsonBuilder.obj
C:\Users\AeroCloud\Downloads\jhPrimeminer-master-rde\jhPrimeminer-master-rde\jhPrimeminer-master\src\primecoinMiner\x64\Release\jsonClient.obj
C:\Users\AeroCloud\Downloads\jhPrimeminer-master-rde\jhPrimeminer-master-rde\jhPrimeminer-master\src\primecoinMiner\x64\Release\jsonObject.obj
C:\Users\AeroCloud\Downloads\jhPrimeminer-master-rde\jhPrimeminer-master-rde\jhPrimeminer-master\src\primecoinMiner\x64\Release\jsonParser.obj
C:\Users\AeroCloud\Downloads\jhPrimeminer-master-rde\jhPrimeminer-master-rde\jhPrimeminer-master\src\primecoinMiner\x64\Release\jsonrpc.obj
C:\Users\AeroCloud\Downloads\jhPrimeminer-master-rde\jhPrimeminer-master-rde\jhPrimeminer-master\src\primecoinMiner\x64\Release\main.obj
C:\Users\AeroCloud\Downloads\jhPrimeminer-master-rde\jhPrimeminer-master-rde\jhPrimeminer-master\src\primecoinMiner\x64\Release\miner.obj
C:\Users\AeroCloud\Downloads\jhPrimeminer-master-rde\jhPrimeminer-master-rde\jhPrimeminer-master\src\primecoinMiner\x64\Release\msgQueue.obj
C:\Users\AeroCloud\Downloads\jhPrimeminer-master-rde\jhPrimeminer-master-rde\jhPrimeminer-master\src\primecoinMiner\x64\Release\packetBuffer.obj
C:\Users\AeroCloud\Downloads\jhPrimeminer-master-rde\jhPrimeminer-master-rde\jhPrimeminer-master\src\primecoinMiner\x64\Release\perlinNoise.obj
C:\Users\AeroCloud\Downloads\jhPrimeminer-master-rde\jhPrimeminer-master-rde\jhPrimeminer-master\src\primecoinMiner\x64\Release\prime.obj
C:\Users\AeroCloud\Downloads\jhPrimeminer-master-rde\jhPrimeminer-master-rde\jhPrimeminer-master\src\primecoinMiner\x64\Release\ripemd160.obj
C:\Users\AeroCloud\Downloads\jhPrimeminer-master-rde\jhPrimeminer-master-rde\jhPrimeminer-master\src\primecoinMiner\x64\Release\sData.obj
C:\Users\AeroCloud\Downloads\jhPrimeminer-master-rde\jhPrimeminer-master-rde\jhPrimeminer-master\src\primecoinMiner\x64\Release\sha256.obj
C:\Users\AeroCloud\Downloads\jhPrimeminer-master-rde\jhPrimeminer-master-rde\jhPrimeminer-master\src\primecoinMiner\x64\Release\simpleHTTP.obj
C:\Users\AeroCloud\Downloads\jhPrimeminer-master-rde\jhPrimeminer-master-rde\jhPrimeminer-master\src\primecoinMiner\x64\Release\simpleList.obj
C:\Users\AeroCloud\Downloads\jhPrimeminer-master-rde\jhPrimeminer-master-rde\jhPrimeminer-master\src\primecoinMiner\x64\Release\streamWrapper.obj
C:\Users\AeroCloud\Downloads\jhPrimeminer-master-rde\jhPrimeminer-master-rde\jhPrimeminer-master\src\primecoinMiner\x64\Release\tgaLib.obj
C:\Users\AeroCloud\Downloads\jhPrimeminer-master-rde\jhPrimeminer-master-rde\jhPrimeminer-master\src\primecoinMiner\x64\Release\xptClient.obj
C:\Users\AeroCloud\Downloads\jhPrimeminer-master-rde\jhPrimeminer-master-rde\jhPrimeminer-master\src\primecoinMiner\x64\Release\xptClientPacketHandler.obj
C:\Users\AeroCloud\Downloads\jhPrimeminer-master-rde\jhPrimeminer-master-rde\jhPrimeminer-master\src\primecoinMiner\x64\Release\xptPacketbuffer.obj
C:\Users\AeroCloud\Downloads\jhPrimeminer-master-rde\jhPrimeminer-master-rde\jhPrimeminer-master\src\primecoinMiner\x64\Release\xptServer.obj
C:\Users\AeroCloud\Downloads\jhPrimeminer-master-rde\jhPrimeminer-master-rde\jhPrimeminer-master\src\primecoinMiner\x64\Release\xptServerPacketHandler.obj
C:\Users\AeroCloud\Downloads\jhPrimeminer-master-rde\jhPrimeminer-master-rde\jhPrimeminer-master\src\primecoinMiner\x64\Release\cl.command.1.tlog
C:\Users\AeroCloud\Downloads\jhPrimeminer-master-rde\jhPrimeminer-master-rde\jhPrimeminer-master\src\primecoinMiner\x64\Release\CL.read.1.tlog
C:\Users\AeroCloud\Downloads\jhPrimeminer-master-rde\jhPrimeminer-master-rde\jhPrimeminer-master\src\primecoinMiner\x64\Release\CL.write.1.tlog
C:\Users\AeroCloud\Downloads\jhPrimeminer-master-rde\jhPrimeminer-master-rde\jhPrimeminer-master\src\primecoinMiner\x64\Release\jhPrimeminer.write.1.tlog
C:\Users\AeroCloud\Downloads\jhPrimeminer-master-rde\jhPrimeminer-master-rde\jhPrimeminer-master\src\primecoinMiner\x64\Release\link-cvtres.read.1.tlog
C:\Users\AeroCloud\Downloads\jhPrimeminer-master-rde\jhPrimeminer-master-rde\jhPrimeminer-master\src\primecoinMiner\x64\Release\link-cvtres.write.1.tlog
C:\Users\AeroCloud\Downloads\jhPrimeminer-master-rde\jhPrimeminer-master-rde\jhPrimeminer-master\src\primecoinMiner\x64\Release\link-rc.read.1.tlog
C:\Users\AeroCloud\Downloads\jhPrimeminer-master-rde\jhPrimeminer-master-rde\jhPrimeminer-master\src\primecoinMiner\x64\Release\link-rc.write.1.tlog
C:\Users\AeroCloud\Downloads\jhPrimeminer-master-rde\jhPrimeminer-master-rde\jhPrimeminer-master\src\primecoinMiner\x64\Release\link.command.1.tlog
C:\Users\AeroCloud\Downloads\jhPrimeminer-master-rde\jhPrimeminer-master-rde\jhPrimeminer-master\src\primecoinMiner\x64\Release\link.read.1.tlog
C:\Users\AeroCloud\Downloads\jhPrimeminer-master-rde\jhPrimeminer-master-rde\jhPrimeminer-master\src\primecoinMiner\x64\Release\link.read.2.tlog
C:\Users\AeroCloud\Downloads\jhPrimeminer-master-rde\jhPrimeminer-master-rde\jhPrimeminer-master\src\primecoinMiner\x64\Release\link.read.3.tlog
C:\Users\AeroCloud\Downloads\jhPrimeminer-master-rde\jhPrimeminer-master-rde\jhPrimeminer-master\src\primecoinMiner\x64\Release\link.read.4.tlog
C:\Users\AeroCloud\Downloads\jhPrimeminer-master-rde\jhPrimeminer-master-rde\jhPrimeminer-master\src\primecoinMiner\x64\Release\link.read.5.tlog
C:\Users\AeroCloud\Downloads\jhPrimeminer-master-rde\jhPrimeminer-master-rde\jhPrimeminer-master\src\primecoinMiner\x64\Release\link.write.1.tlog
C:\Users\AeroCloud\Downloads\jhPrimeminer-master-rde\jhPrimeminer-master-rde\jhPrimeminer-master\src\primecoinMiner\x64\Release\vc110.pdb
C:\Users\AeroCloud\Downloads\jhPrimeminer-master-rde\jhPrimeminer-master-rde\jhPrimeminer-master\src\x64\Release\jhPrimeminer.pdb
